,:,,:,,:,,::,:,:,:::::,::,,,,,,:,,:,,:::,,,,,,,,,,,,,,,:,,,,,,,,,,,,,,,,,,,,,,.,
:,:,:::~:::,,,,,,::,:,:D~,,8,,,7:8DM:8:8,8,8~,,,,:,,,,,,,,,,,,,,,,,,,,,,,.,,,,..
,::,,,,:,,,,,,,,,,,,,,,Z,,+8+,,Z.,,I:+,::+,,~,,,,,,,,,,,,,,,,,,,,,,,,,,,,,,,,,..
:,::,::::,,,,:,:,,:,,,,,:,,,,,:,,,,,,,,,,,,,,,,,,,,,,,,,,,,,,.,,,,,,,,,,,,,,,,..
,,:,,,,,,,,,,,,,,,,::,:,,,,,,,,:,,:,,,,,,,,,,,,,,,,,,,,,,,:,,,,,..,,,,,,,,,,,,,.
,,,,,:,,,,,,,,,,,,,,,,,:,,,,,,,,,,,,,,,,,,,,,,,,,,,.,,,,,,,,,,,,,,,,,...Z.,,.,..
,,,,,,,,,,,,,,,,,,:,::,,,,,,,:,,,,,,,,,,,,,,,,,,,,,,,,.,,,,.,,,,,,.:8IM,,,,,,...
,,,,,,,:,,,,,,,:,,:,::,,:,:,:~,,,,,:,,,,,,,,,,,,,,,,,,,,,,,,,,,=$,~O,,,,,,,,,.,.
,,,,,,,,,,,,,,,,,,,,,,,,,,,,,,,,,,,,,,,,,,,,,,,,,,,.,,,,,,:.N+=8?.,,,,,,,.,,....
,,,,,,,,,,,,,,,,,,,,,,,,,,,,,,,,,,,,,,,,,.,.=8:,,.7,,,..==I7D.,,,,,..,,,,,,.,,..
,:,,,,,:,,,,,:,,,,,,,,,,,,,,,::,,,,,:,,~,ZMZIMI,+,?M=$+:,:,:,,,,,,,,,,,,,,,,.,
,,,,,,,,,,,,,,,,,,,,,,,,,,,,,,,,,,,,~MN$,,$,,OO7I?M.,,,,,,,,,,,,,.,,,,,,,,,,.
,,,,,,,,,,~,,,,,,,,,,,,,,,,,,,,,,,,,OZO8I7=,.7,:,..,,,..,,,,,,...,.,,,,,,,,.
,,,,,,,,,,:,,,,:,,,:::,:,:,,,,,,,,7:7=?D~,:I~,:,:$.,,,,,,,,,,,,,,,,,,,,,,,.,..
,,,,,,,.,,,,,,,,:,,,,,:,:,,,,,,,,,?M=I=:~7.O++:O+Z,,,,,,.,,,,,,,,,,.,,,,,,,,.,.,
,,,,,,,,,,,,,,,,,,,,,,,,,,,,,,,,,~8MZ:?.,O~,,Z+:,,,,,.,,,,,,,,..,,,,,,,,,,..
,,,,,,,,,,,,D,,:,7=,7+,,,:,,,,,,:OM8O,,O,,,,:Z8=:$~~8,,,,,,,,,,,,,,.,,,,,,,,,,..
,,,,,+++?IM?I+::I:Z,,~7+7~O?,++O++0.,:Z:IZMZDI=,,,,,,,,,,,,,,,,,,,,,,,,,..
,,,,8?IM,=?+I,~=++~I:,,,I?+=,~+NOI?,O.=IO,,,DD:NZN,,,,,,,,,,,,,,,,,,,,,,,,..
,,,,?:Z:,,=,~7,,:D::,,,+,:I?:,84327NZ?===7:::7:,,::,:,,:,,,,,,,,,,,,,,,,,,,,,,,,.,
,,:,,=:,,~Z7I?,,:,,:=O~:::=,,=?ZIMOO7,,,?ZD,:,~:,:::,,,,,:,,,,,,,,,,,,,,,,,,..
,:::,8~I,DZ?,,:?,:?,:8:,.,,,:.,.N8+88,.,:=I:O.,,,,,,,,,,,,,,,,,,,,,,,,,.,,,,,,..
,,,::,Z:~8:$,,~::=I=NI77,:?:=DN+N,OZ???D8,M,,,,,,,,,,,,,,,,,,,,,,,,,,.,,,,,,..
,:,,,,:::O~:,:7,~=ND:M7:OIZ?DMMZZ?7+8O.I8+:,:::,,,:,,,,,.,,:,,,,,,,,,,,,,.,..
:,,:,::,:O+,,=?:,N7,+:,,,:+ZDOM7M8M~,:+8MMZI,I:,,,,,:,,,,,,,,,,,,,,.,,,,,,,,,...
,,::,=?7+OOO,,,:DOM::::,,,ZIIZN~DZZ7~8:,=O:~,,,,,,,,,,.,,,,,,,,,.,,.,.,,,,,,..
::,::=:?.:+D:I?NNIO:::,:::::,,,::N:7Z::,:,,,8?+,,,,,,,,:,:,,:,,,,,,,,,,,,,,,,...
:,,,,,OI~:I8DNZI:=I,,,,,,,,,,,,,,M,,N,,,,,,,,8M7:,,,,,,,.,,,,:,,,:,,,,,,,,,:,,..
,,,,,:7::N7,:,,,,,,,,,,,,,,,,~Z,M,,,,,,8?MM,,,,,,,,,,,,,,,,,,,,,,,,,,,,,,,..
,:,::NZ~,:==M~,,,::,::,::,:,,,,,,:Z~D,,,,~MN=D~~:,::,,,:,,,:::,,,,,,,,,,,,,,,,,,
,,,,,MI:,DZ:,,,,:,,,,,,,:,,,,,,,,=M?,,,:8MN7,.,,,::,,:,,:,::::::,:,,,,,,,,,:,,,,
,::::$:::O7,,,,,:::,:,,,,,,,,,,,:8MI,,:~=MO,,,,,,:,,,,,,,,,,,,,:,,,,,,,,,,,,,,..
:,:::==:MI=~M~:=:,:,~+:.:ON,,M.D:DM~:::~0::,,,:,,,,:,,,,,,,,,,,,,,,,,,,,,,,,,..
,:,,7MZ~,Z7O,:MI:~8=:~N.,N,,?8M::::=OM~:,.:,~:::,,N8MMN8OOI,:~:.:,,,,,,,,,
,:,:DMD~8DZI:,78,=,:O,,,,,,,,,,?M=M,,,:O+++8DDD0:,:=O,,OZDNZ~.ON:,=N,,M,~,,,,
::,,+OZD=:N7ZZ+=,?+,,:,:,.~?ND,,,:O:++:,,,,.,,:,OM+,8,,M,,,,,,,,,,,
,,::Z?7=DM=NO:+,:,,:::~,::,:,0:ZOOM+~M8:,,,,:::,:,,,,,,,,,,,,,:,,,,,,,,,,,,,,,,
:,,:,:=~~:,,,,,::,,::,,.,,,,,7:,,,,,,,,,,,,:,,,,,,,,,,,,,:::::,,,,,,,,,,:,,,,
,,,:::::,:,:::,,:::::,:,::,,,:,,:::,:,::,,:,,,,,::,,,,:,,,,,,,,,,,,,,,.,,,,,,,,,
                                                                 GlassGiant.com
Tue Sep  6 10:47:32 MST 2022
/home/u22/abanka/ccbb_projects
i16n1.ocelote.hpc.arizona.edu
--2022-09-06 10:47:32--  https://raw.githubusercontent.com/cusanovich/cmm522_code/main/gene_results.txt
Resolving raw.githubusercontent.com (raw.githubusercontent.com)... 185.199.108.133, 185.199.109.133, 185.199.110.133, ...
Connecting to raw.githubusercontent.com (raw.githubusercontent.com)|185.199.108.133|:443... connected.
HTTP request sent, awaiting response... 200 OK
Length: 103 [text/plain]
Saving to: ‘gene_results.txt’

     0K                                                       100% 5.90M=0s

2022-09-06 10:47:32 (5.90 MB/s) - ‘gene_results.txt’ saved [103/103]

./outputs/an_important_file.txt
./outputs/new_gene_results.txt
./outputs/we_might_need_this.txt
/var/spool/slurm/d/job1013070/slurm_script: line 75: bedtools: command not found
Detailed performance metrics for this job will be available at https://metrics.hpc.arizona.edu/#job_viewer?action=show&realm=SUPREMM&resource_id=5&local_job_id=1013070 by 8am on 2022/09/07.
